[18-Jan-2023 05:12:51 UTC] PHP Fatal error:  Uncaught Error: Class 'bootstrap_5_wp_nav_menu_walker' not found in D:\new\htdocs\ALLENOverseas\wp-content\themes\ALLENOverseas\header.php:57
Stack trace:
#0 D:\new\htdocs\ALLENOverseas\wp-includes\template.php(783): require_once()
#1 D:\new\htdocs\ALLENOverseas\wp-includes\template.php(718): load_template('D:\\new\\htdocs\\A...', true, Array)
#2 D:\new\htdocs\ALLENOverseas\wp-includes\general-template.php(48): locate_template(Array, true, true, Array)
#3 D:\new\htdocs\ALLENOverseas\wp-content\themes\twentytwentyone\404.php(12): get_header()
#4 D:\new\htdocs\ALLENOverseas\wp-includes\template-loader.php(106): include('D:\\new\\htdocs\\A...')
#5 D:\new\htdocs\ALLENOverseas\wp-blog-header.php(19): require_once('D:\\new\\htdocs\\A...')
#6 D:\new\htdocs\ALLENOverseas\index.php(17): require('D:\\new\\htdocs\\A...')
#7 {main}
  thrown in D:\new\htdocs\ALLENOverseas\wp-content\themes\ALLENOverseas\header.php on line 57
[18-Jan-2023 05:12:53 UTC] PHP Fatal error:  Uncaught Error: Class 'bootstrap_5_wp_nav_menu_walker' not found in D:\new\htdocs\ALLENOverseas\wp-content\themes\ALLENOverseas\header.php:57
Stack trace:
#0 D:\new\htdocs\ALLENOverseas\wp-includes\template.php(783): require_once()
#1 D:\new\htdocs\ALLENOverseas\wp-includes\template.php(718): load_template('D:\\new\\htdocs\\A...', true, Array)
#2 D:\new\htdocs\ALLENOverseas\wp-includes\general-template.php(48): locate_template(Array, true, true, Array)
#3 D:\new\htdocs\ALLENOverseas\wp-content\themes\twentytwentyone\404.php(12): get_header()
#4 D:\new\htdocs\ALLENOverseas\wp-includes\template-loader.php(106): include('D:\\new\\htdocs\\A...')
#5 D:\new\htdocs\ALLENOverseas\wp-blog-header.php(19): require_once('D:\\new\\htdocs\\A...')
#6 D:\new\htdocs\ALLENOverseas\index.php(17): require('D:\\new\\htdocs\\A...')
#7 {main}
  thrown in D:\new\htdocs\ALLENOverseas\wp-content\themes\ALLENOverseas\header.php on line 57
[18-Jan-2023 05:13:00 UTC] PHP Fatal error:  Uncaught Error: Class 'bootstrap_5_wp_nav_menu_walker' not found in D:\new\htdocs\ALLENOverseas\wp-content\themes\ALLENOverseas\header.php:57
Stack trace:
#0 D:\new\htdocs\ALLENOverseas\wp-includes\template.php(783): require_once()
#1 D:\new\htdocs\ALLENOverseas\wp-includes\template.php(718): load_template('D:\\new\\htdocs\\A...', true, Array)
#2 D:\new\htdocs\ALLENOverseas\wp-includes\general-template.php(48): locate_template(Array, true, true, Array)
#3 D:\new\htdocs\ALLENOverseas\wp-content\themes\ALLENOverseas\home.php(7): get_header()
#4 D:\new\htdocs\ALLENOverseas\wp-includes\template-loader.php(106): include('D:\\new\\htdocs\\A...')
#5 D:\new\htdocs\ALLENOverseas\wp-blog-header.php(19): require_once('D:\\new\\htdocs\\A...')
#6 D:\new\htdocs\ALLENOverseas\index.php(17): require('D:\\new\\htdocs\\A...')
#7 {main}
  thrown in D:\new\htdocs\ALLENOverseas\wp-content\themes\ALLENOverseas\header.php on line 57
[18-Jan-2023 10:06:26 UTC] PHP Notice:  Undefined variable: x in D:\new\htdocs\ALLENOverseas\wp-content\themes\ALLENOverseas\single-gallery.php on line 57
[06-Feb-2023 08:27:55 UTC] PHP Warning:  require(C:\xampp\htdocs\ALLENOverseas/wp-includes/sodium_compat/autoload.php): Failed to open stream: No such file or directory in C:\xampp\htdocs\ALLENOverseas\wp-includes\compat.php on line 342
[06-Feb-2023 08:27:55 UTC] PHP Fatal error:  Uncaught Error: Failed opening required 'C:\xampp\htdocs\ALLENOverseas/wp-includes/sodium_compat/autoload.php' (include_path='C:\xampp\php\PEAR') in C:\xampp\htdocs\ALLENOverseas\wp-includes\compat.php:342
Stack trace:
#0 C:\xampp\htdocs\ALLENOverseas\wp-settings.php(107): require()
#1 C:\xampp\htdocs\ALLENOverseas\wp-config.php(98): require_once('C:\\xampp\\htdocs...')
#2 C:\xampp\htdocs\ALLENOverseas\wp-load.php(50): require_once('C:\\xampp\\htdocs...')
#3 C:\xampp\htdocs\ALLENOverseas\wp-blog-header.php(13): require_once('C:\\xampp\\htdocs...')
#4 C:\xampp\htdocs\ALLENOverseas\index.php(17): require('C:\\xampp\\htdocs...')
#5 {main}
  thrown in C:\xampp\htdocs\ALLENOverseas\wp-includes\compat.php on line 342
[06-Feb-2023 08:27:55 UTC] PHP Warning:  require_once(C:\xampp\htdocs\ALLENOverseas/wp-includes/pomo/mo.php): Failed to open stream: No such file or directory in C:\xampp\htdocs\ALLENOverseas\wp-includes\load.php on line 1344
[06-Feb-2023 08:27:55 UTC] PHP Fatal error:  Uncaught Error: Failed opening required 'C:\xampp\htdocs\ALLENOverseas/wp-includes/pomo/mo.php' (include_path='C:\xampp\php\PEAR') in C:\xampp\htdocs\ALLENOverseas\wp-includes\load.php:1344
Stack trace:
#0 C:\xampp\htdocs\ALLENOverseas\wp-includes\class-wp-fatal-error-handler.php(174): wp_load_translations_early()
#1 C:\xampp\htdocs\ALLENOverseas\wp-includes\class-wp-fatal-error-handler.php(154): WP_Fatal_Error_Handler->display_default_error_template(Array, false)
#2 C:\xampp\htdocs\ALLENOverseas\wp-includes\class-wp-fatal-error-handler.php(58): WP_Fatal_Error_Handler->display_error_template(Array, false)
#3 [internal function]: WP_Fatal_Error_Handler->handle()
#4 {main}
  thrown in C:\xampp\htdocs\ALLENOverseas\wp-includes\load.php on line 1344
[06-Feb-2023 08:28:07 UTC] PHP Warning:  require(C:\xampp\htdocs\ALLENOverseas/wp-includes/sodium_compat/autoload.php): Failed to open stream: No such file or directory in C:\xampp\htdocs\ALLENOverseas\wp-includes\compat.php on line 342
[06-Feb-2023 08:28:07 UTC] PHP Fatal error:  Uncaught Error: Failed opening required 'C:\xampp\htdocs\ALLENOverseas/wp-includes/sodium_compat/autoload.php' (include_path='C:\xampp\php\PEAR') in C:\xampp\htdocs\ALLENOverseas\wp-includes\compat.php:342
Stack trace:
#0 C:\xampp\htdocs\ALLENOverseas\wp-settings.php(107): require()
#1 C:\xampp\htdocs\ALLENOverseas\wp-config.php(98): require_once('C:\\xampp\\htdocs...')
#2 C:\xampp\htdocs\ALLENOverseas\wp-load.php(50): require_once('C:\\xampp\\htdocs...')
#3 C:\xampp\htdocs\ALLENOverseas\wp-blog-header.php(13): require_once('C:\\xampp\\htdocs...')
#4 C:\xampp\htdocs\ALLENOverseas\index.php(17): require('C:\\xampp\\htdocs...')
#5 {main}
  thrown in C:\xampp\htdocs\ALLENOverseas\wp-includes\compat.php on line 342
[06-Feb-2023 08:28:07 UTC] PHP Warning:  require_once(C:\xampp\htdocs\ALLENOverseas/wp-includes/pomo/mo.php): Failed to open stream: No such file or directory in C:\xampp\htdocs\ALLENOverseas\wp-includes\load.php on line 1344
[06-Feb-2023 08:28:07 UTC] PHP Fatal error:  Uncaught Error: Failed opening required 'C:\xampp\htdocs\ALLENOverseas/wp-includes/pomo/mo.php' (include_path='C:\xampp\php\PEAR') in C:\xampp\htdocs\ALLENOverseas\wp-includes\load.php:1344
Stack trace:
#0 C:\xampp\htdocs\ALLENOverseas\wp-includes\class-wp-fatal-error-handler.php(174): wp_load_translations_early()
#1 C:\xampp\htdocs\ALLENOverseas\wp-includes\class-wp-fatal-error-handler.php(154): WP_Fatal_Error_Handler->display_default_error_template(Array, false)
#2 C:\xampp\htdocs\ALLENOverseas\wp-includes\class-wp-fatal-error-handler.php(58): WP_Fatal_Error_Handler->display_error_template(Array, false)
#3 [internal function]: WP_Fatal_Error_Handler->handle()
#4 {main}
  thrown in C:\xampp\htdocs\ALLENOverseas\wp-includes\load.php on line 1344
[06-Feb-2023 08:28:08 UTC] PHP Warning:  require(C:\xampp\htdocs\ALLENOverseas/wp-includes/sodium_compat/autoload.php): Failed to open stream: No such file or directory in C:\xampp\htdocs\ALLENOverseas\wp-includes\compat.php on line 342
[06-Feb-2023 08:28:08 UTC] PHP Fatal error:  Uncaught Error: Failed opening required 'C:\xampp\htdocs\ALLENOverseas/wp-includes/sodium_compat/autoload.php' (include_path='C:\xampp\php\PEAR') in C:\xampp\htdocs\ALLENOverseas\wp-includes\compat.php:342
Stack trace:
#0 C:\xampp\htdocs\ALLENOverseas\wp-settings.php(107): require()
#1 C:\xampp\htdocs\ALLENOverseas\wp-config.php(98): require_once('C:\\xampp\\htdocs...')
#2 C:\xampp\htdocs\ALLENOverseas\wp-load.php(50): require_once('C:\\xampp\\htdocs...')
#3 C:\xampp\htdocs\ALLENOverseas\wp-blog-header.php(13): require_once('C:\\xampp\\htdocs...')
#4 C:\xampp\htdocs\ALLENOverseas\index.php(17): require('C:\\xampp\\htdocs...')
#5 {main}
  thrown in C:\xampp\htdocs\ALLENOverseas\wp-includes\compat.php on line 342
[06-Feb-2023 08:28:08 UTC] PHP Warning:  require_once(C:\xampp\htdocs\ALLENOverseas/wp-includes/pomo/mo.php): Failed to open stream: No such file or directory in C:\xampp\htdocs\ALLENOverseas\wp-includes\load.php on line 1344
[06-Feb-2023 08:28:08 UTC] PHP Fatal error:  Uncaught Error: Failed opening required 'C:\xampp\htdocs\ALLENOverseas/wp-includes/pomo/mo.php' (include_path='C:\xampp\php\PEAR') in C:\xampp\htdocs\ALLENOverseas\wp-includes\load.php:1344
Stack trace:
#0 C:\xampp\htdocs\ALLENOverseas\wp-includes\class-wp-fatal-error-handler.php(174): wp_load_translations_early()
#1 C:\xampp\htdocs\ALLENOverseas\wp-includes\class-wp-fatal-error-handler.php(154): WP_Fatal_Error_Handler->display_default_error_template(Array, false)
#2 C:\xampp\htdocs\ALLENOverseas\wp-includes\class-wp-fatal-error-handler.php(58): WP_Fatal_Error_Handler->display_error_template(Array, false)
#3 [internal function]: WP_Fatal_Error_Handler->handle()
#4 {main}
  thrown in C:\xampp\htdocs\ALLENOverseas\wp-includes\load.php on line 1344
[06-Feb-2023 08:28:09 UTC] PHP Warning:  require(C:\xampp\htdocs\ALLENOverseas/wp-includes/sodium_compat/autoload.php): Failed to open stream: No such file or directory in C:\xampp\htdocs\ALLENOverseas\wp-includes\compat.php on line 342
[06-Feb-2023 08:28:09 UTC] PHP Fatal error:  Uncaught Error: Failed opening required 'C:\xampp\htdocs\ALLENOverseas/wp-includes/sodium_compat/autoload.php' (include_path='C:\xampp\php\PEAR') in C:\xampp\htdocs\ALLENOverseas\wp-includes\compat.php:342
Stack trace:
#0 C:\xampp\htdocs\ALLENOverseas\wp-settings.php(107): require()
#1 C:\xampp\htdocs\ALLENOverseas\wp-config.php(98): require_once('C:\\xampp\\htdocs...')
#2 C:\xampp\htdocs\ALLENOverseas\wp-load.php(50): require_once('C:\\xampp\\htdocs...')
#3 C:\xampp\htdocs\ALLENOverseas\wp-blog-header.php(13): require_once('C:\\xampp\\htdocs...')
#4 C:\xampp\htdocs\ALLENOverseas\index.php(17): require('C:\\xampp\\htdocs...')
#5 {main}
  thrown in C:\xampp\htdocs\ALLENOverseas\wp-includes\compat.php on line 342
[06-Feb-2023 08:28:09 UTC] PHP Warning:  require_once(C:\xampp\htdocs\ALLENOverseas/wp-includes/pomo/mo.php): Failed to open stream: No such file or directory in C:\xampp\htdocs\ALLENOverseas\wp-includes\load.php on line 1344
[06-Feb-2023 08:28:09 UTC] PHP Fatal error:  Uncaught Error: Failed opening required 'C:\xampp\htdocs\ALLENOverseas/wp-includes/pomo/mo.php' (include_path='C:\xampp\php\PEAR') in C:\xampp\htdocs\ALLENOverseas\wp-includes\load.php:1344
Stack trace:
#0 C:\xampp\htdocs\ALLENOverseas\wp-includes\class-wp-fatal-error-handler.php(174): wp_load_translations_early()
#1 C:\xampp\htdocs\ALLENOverseas\wp-includes\class-wp-fatal-error-handler.php(154): WP_Fatal_Error_Handler->display_default_error_template(Array, false)
#2 C:\xampp\htdocs\ALLENOverseas\wp-includes\class-wp-fatal-error-handler.php(58): WP_Fatal_Error_Handler->display_error_template(Array, false)
#3 [internal function]: WP_Fatal_Error_Handler->handle()
#4 {main}
  thrown in C:\xampp\htdocs\ALLENOverseas\wp-includes\load.php on line 1344
[06-Feb-2023 09:55:04 UTC] PHP Warning:  Undefined variable $x in C:\xampp\htdocs\ALLENOverseas\wp-content\themes\ALLENOverseas\single-gallery.php on line 57
[06-Feb-2023 09:55:17 UTC] PHP Warning:  Undefined variable $x in C:\xampp\htdocs\ALLENOverseas\wp-content\themes\ALLENOverseas\single-gallery.php on line 57
